g4        	1   	t1  	j1  	t
g4        	1   	j2  	c   	j
g4        	2   	t1  	j2  	t
g4        	2   	c   	j1  	c
g4        	3   	t2  	j2  	t
g4        	3   	y   	j1  	y
g4        	4   	j2  	t1  	j
g4        	4   	j1  	c   	j
g4        	4   	y   	t2  	y
g4        	5   	t1  	y   	t
g4        	5   	c   	t2  	c
g4        	6   	c   	j2  	c
g4        	6   	j1  	t1  	j
g4        	6   	t2  	y   	t
g4        	7   	t2  	j1  	t
g4        	7   	y   	j2  	y
g4        	8   	j1  	y   	j
g4        	8   	j2  	t2  	j
g4        	8   	t1  	c   	t
g4        	9   	t2  	c   	t
g4        	9   	y   	t1  	y
g4        	10  	j1  	t2  	j
g4        	10  	j2  	y   	j
g4        	10  	c   	t1  	c
g56       	1   	t1  	a1  	t
g56       	1   	t2  	c   	t
g56       	1   	t3  	j1  	t
g56       	1   	a2  	j2  	a
g56       	2   	t1  	j2  	t
g56       	2   	t2  	j1  	t
g56       	2   	t3  	c   	t
g56       	2   	a2  	y   	a
g56       	3   	j1  	t1  	j
g56       	3   	a2  	t3  	a
g56       	3   	c   	j2  	c
g56       	3   	y   	a1  	y
g56       	4   	t1  	a2  	t
g56       	4   	j2  	y   	j
g56       	4   	a1  	j1  	a
g56       	5   	t2  	a2  	t
g56       	5   	t3  	y   	t
g56       	6   	a2  	j1  	a
g56       	6   	c   	t1  	c
g56       	6   	j2  	t2  	j
g56       	6   	a1  	t3  	a
g56       	7   	j1  	t2  	j
g56       	7   	y   	a2  	y
g56       	7   	t1  	c   	t
g56       	7   	a1  	j2  	a
g56       	8   	j1  	y   	j
g56       	8   	j2  	t1  	j
g56       	8   	t2  	a1  	t
g56       	8   	c   	t3  	c
g56       	9   	c   	t2  	c
g56       	9   	y   	t1  	y
g56       	9   	t3  	a1  	t
g56       	10  	j1  	a2  	j
g56       	10  	j2  	t3  	j
g56       	10  	y   	c   	y
g56       	10  	a1  	t2  	a
g789      	1   	t1  	j   	t
g789      	1   	t2  	a   	t
g789      	1   	c   	y   	c
g789      	2   	t1  	c   	t
g789      	2   	t2  	j   	t
g789      	2   	y   	a   	y
g789      	3   	c   	j   	c
g789      	3   	t1  	y   	t
g789      	3   	a   	t2  	a
g789      	4   	t2  	c   	t
g789      	4   	j   	y   	j
g789      	4   	a   	t1  	a
g789      	5   	c   	a   	c
g789      	6   	y   	t1  	y
g789      	6   	j   	t2  	j
g789      	6   	a   	c   	a
g789      	7   	c   	t2  	c
g789      	7   	a   	j   	a
g789      	8   	j   	t1  	j
g789      	8   	t2  	y   	t
g789      	9   	y   	t2  	y
g789      	9   	t1  	a   	t
g789      	10  	j   	c   	j
g789      	10  	y   	t1  	y
b45       	1   	t1  	y2  	t
b45       	1   	j1  	c1  	j
b45       	1   	a3  	j3  	a
b45       	1   	a1  	c2  	a
b45       	1   	y1  	j2  	y
b45       	1   	j4  	c3  	j
b45       	2   	a2  	t2  	a
b45       	2   	t1  	y1  	t
b45       	2   	a3  	j1  	a
b45       	2   	c2  	j3  	c
b45       	2   	j2  	c3  	j
b45       	2   	c1  	j4  	c
b45       	3   	a2  	t1  	a
b45       	3   	j1  	a1  	j
b45       	3   	c3  	j3  	c
b45       	3   	a3  	j4  	a
b45       	3   	t2  	j2  	t
b45       	3   	y2  	c2  	y
b45       	4   	j1  	a2  	j
b45       	4   	t2  	j4  	t
b45       	4   	a1  	j3  	a
b45       	4   	y2  	j2  	y
b45       	4   	y1  	a3  	y
b45       	5   	c2  	a2  	c
b45       	5   	y2  	c3  	y
b45       	5   	c1  	t2  	c
b45       	6   	a2  	j4  	a
b45       	6   	j1  	c2  	j
b45       	6   	j3  	t1  	j
b45       	6   	t2  	y1  	t
b45       	6   	a1  	c3  	a
b45       	6   	j2  	a3  	j
b45       	6   	c1  	y2  	c
b45       	7   	j3  	y1  	j
b45       	7   	j4  	y2  	j
b45       	7   	c3  	a2  	c
b45       	7   	t1  	j2  	t
b45       	7   	c2  	a3  	c
b45       	7   	t2  	j1  	t
b45       	7   	a1  	c1  	a
b45       	8   	j2  	a2  	j
b45       	8   	j3  	t2  	j
b45       	8   	j4  	a1  	j
b45       	8   	c3  	a3  	c
b45       	8   	c2  	t1  	c
b45       	8   	y2  	j1  	y
b45       	8   	y1  	c1  	y
b45       	9   	c1  	t1  	c
b45       	9   	y1  	a1  	y
b45       	10  	a2  	y1  	a
b45       	10  	j2  	a1  	j
b45       	10  	j3  	c1  	j
b45       	10  	j4  	c2  	j
b45       	10  	c3  	j1  	c
b45       	10  	t1  	y2  	t
b45       	10  	a3  	t2  	a
b6        	1   	j1  	y1  	j
b6        	1   	t1  	a1  	t
b6        	1   	t2  	c   	t
b6        	1   	a2  	j2  	a
b6        	2   	a1  	j1  	a
b6        	2   	t1  	c   	t
b6        	2   	t2  	y2  	t
b6        	2   	y1  	j2  	y
b6        	3   	a1  	t2  	a
b6        	3   	a2  	t1  	a
b6        	3   	y2  	j2  	y
b6        	3   	c   	j1  	c
b6        	4   	j1  	a1  	j
b6        	4   	j2  	y1  	j
b6        	4   	a2  	t2  	a
b6        	4   	y2  	c   	y
b6        	5   	y1  	a2  	y
b6        	5   	t1  	y2  	t
b6        	5   	c   	a1  	c
b6        	6   	a1  	y2  	a
b6        	6   	j2  	t1  	j
b6        	6   	y1  	c   	y
b6        	6   	t2  	j1  	t
b6        	7   	y1  	t1  	y
b6        	7   	a2  	j1  	a
b6        	7   	y2  	t2  	y
b6        	7   	c   	j2  	c
b6        	8   	j1  	t1  	j
b6        	8   	j2  	a1  	j
b6        	8   	t2  	y1  	t
b6        	8   	y2  	a2  	y
b6        	9   	c   	a2  	c
b6        	10  	a1  	y1  	a
b6        	10  	j1  	y2  	j
b6        	10  	j2  	t2  	j
b6        	10  	t1  	a2  	t
b7        	1   	c   	j2  	c
b7        	1   	y1  	a   	y
b7        	1   	y2  	j1  	y
b7        	2   	y1  	j1  	y
b7        	2   	j2  	c   	j
b7        	2   	a   	y2  	a
b7        	3   	y2  	j2  	y
b7        	3   	a   	c   	a
b7        	3   	j1  	t   	j
b7        	4   	t   	c   	t
b7        	4   	y1  	j2  	y
b7        	4   	a   	j1  	a
b7        	5   	y1  	t   	y
b7        	5   	y2  	a   	y
b7        	6   	c   	j1  	c
b7        	6   	y2  	t   	y
b7        	6   	a   	j2  	a
b7        	7   	j1  	y2  	j
b7        	7   	j2  	y1  	j
b7        	7   	t   	a   	t
b7        	8   	j1  	y1  	j
b7        	8   	j2  	t   	j
b7        	8   	c   	y2  	c
b7        	9   	t   	y2  	t
b7        	9   	c   	y1  	c
b7        	10  	j1  	c   	j
b7        	10  	j2  	a   	j
b7        	10  	t   	y1  	t
b89       	1   	t1  	y1  	t
b89       	1   	c   	j2  	c
b89       	1   	a   	j1  	a
b89       	2   	t1  	j2  	t
b89       	2   	y2  	j1  	y
b89       	2   	a   	c   	a
b89       	3   	j1  	t1  	j
b89       	3   	j2  	t2  	j
b89       	3   	c   	y2  	c
b89       	4   	a   	j2  	a
b89       	4   	t1  	j1  	t
b89       	4   	t2  	y1  	t
b89       	5   	y1  	c   	y
b89       	5   	t2  	y2  	t
b89       	6   	y1  	j1  	y
b89       	6   	y2  	a   	y
b89       	6   	t2  	j2  	t
b89       	7   	j1  	t2  	j
b89       	7   	j2  	y2  	j
b89       	7   	y1  	t1  	y
b89       	7   	a   	c   	a
b89       	8   	j1  	c   	j
b89       	8   	j2  	y1  	j
b89       	8   	y2  	t2  	y
b89       	8   	t1  	a   	t
b89       	9   	y2  	t1  	y
b89       	9   	c   	y1  	c
b89       	9   	t2  	a   	t
b89       	10  	j1  	y2  	j
b89       	10  	j2  	t1  	j
b89       	10  	y1  	a   	y
b89       	10  	c   	t2  	c
